update   20/1953 | step   10240 | avg return (last 20 eps):  -201.1 | 2229 steps/s
update   40/1953 | step   20480 | avg return (last 20 eps):  -192.6 | 2229 steps/s
update   60/1953 | step   30720 | avg return (last 20 eps):  -121.4 | 2251 steps/s
update   80/1953 | step   40960 | avg return (last 20 eps):  -128.9 | 2257 steps/s
update  100/1953 | step   51200 | avg return (last 20 eps):  -132.4 | 2273 steps/s
update  120/1953 | step   61440 | avg return (last 20 eps):  -186.2 | 2288 steps/s
update  140/1953 | step   71680 | avg return (last 20 eps):  -162.8 | 2297 steps/s
update  160/1953 | step   81920 | avg return (last 20 eps):   -99.7 | 2306 steps/s
update  180/1953 | step   92160 | avg return (last 20 eps):  -103.8 | 2310 steps/s
update  200/1953 | step  102400 | avg return (last 20 eps):   -74.0 | 2311 steps/s
update  220/1953 | step  112640 | avg return (last 20 eps):   -59.9 | 2311 steps/s
update  240/1953 | step  122880 | avg return (last 20 eps):   -42.6 | 2303 steps/s
update  260/1953 | step  133120 | avg return (last 20 eps):   -51.3 | 2302 steps/s
update  280/1953 | step  143360 | avg return (last 20 eps):   -44.1 | 2302 steps/s
update  300/1953 | step  153600 | avg return (last 20 eps):   -53.8 | 2301 steps/s
update  320/1953 | step  163840 | avg return (last 20 eps):   -20.3 | 2298 steps/s
update  340/1953 | step  174080 | avg return (last 20 eps):   -11.0 | 2294 steps/s
update  360/1953 | step  184320 | avg return (last 20 eps):     3.8 | 2295 steps/s
update  380/1953 | step  194560 | avg return (last 20 eps):   -12.1 | 2294 steps/s
update  400/1953 | step  204800 | avg return (last 20 eps):   -36.6 | 2295 steps/s
update  420/1953 | step  215040 | avg return (last 20 eps):   -43.8 | 2294 steps/s
update  440/1953 | step  225280 | avg return (last 20 eps):   -57.1 | 2294 steps/s
update  460/1953 | step  235520 | avg return (last 20 eps):   -47.7 | 2296 steps/s
update  480/1953 | step  245760 | avg return (last 20 eps):   -14.8 | 2291 steps/s
update  500/1953 | step  256000 | avg return (last 20 eps):     2.0 | 2283 steps/s
update  520/1953 | step  266240 | avg return (last 20 eps):   -17.7 | 2284 steps/s
update  540/1953 | step  276480 | avg return (last 20 eps):    -3.0 | 2280 steps/s
update  560/1953 | step  286720 | avg return (last 20 eps):    -5.9 | 2280 steps/s
update  580/1953 | step  296960 | avg return (last 20 eps):   -10.0 | 2279 steps/s
update  600/1953 | step  307200 | avg return (last 20 eps):     3.8 | 2281 steps/s
update  620/1953 | step  317440 | avg return (last 20 eps):     8.3 | 2278 steps/s
update  640/1953 | step  327680 | avg return (last 20 eps):    38.0 | 2278 steps/s
update  660/1953 | step  337920 | avg return (last 20 eps):    39.4 | 2277 steps/s
update  680/1953 | step  348160 | avg return (last 20 eps):    30.7 | 2278 steps/s
update  700/1953 | step  358400 | avg return (last 20 eps):    27.3 | 2280 steps/s
update  720/1953 | step  368640 | avg return (last 20 eps):    53.4 | 2279 steps/s
update  740/1953 | step  378880 | avg return (last 20 eps):    64.7 | 2276 steps/s
update  760/1953 | step  389120 | avg return (last 20 eps):    36.3 | 2276 steps/s
update  780/1953 | step  399360 | avg return (last 20 eps):    14.6 | 2275 steps/s
update  800/1953 | step  409600 | avg return (last 20 eps):   -20.1 | 2275 steps/s
update  820/1953 | step  419840 | avg return (last 20 eps):    60.6 | 2274 steps/s
update  840/1953 | step  430080 | avg return (last 20 eps):    90.4 | 2273 steps/s
update  860/1953 | step  440320 | avg return (last 20 eps):    37.6 | 2272 steps/s
update  880/1953 | step  450560 | avg return (last 20 eps):    12.8 | 2270 steps/s
update  900/1953 | step  460800 | avg return (last 20 eps):    26.0 | 2270 steps/s
update  920/1953 | step  471040 | avg return (last 20 eps):    29.6 | 2269 steps/s
update  940/1953 | step  481280 | avg return (last 20 eps):    43.0 | 2268 steps/s
update  960/1953 | step  491520 | avg return (last 20 eps):    10.2 | 2266 steps/s
update  980/1953 | step  501760 | avg return (last 20 eps):    26.3 | 2266 steps/s
update 1000/1953 | step  512000 | avg return (last 20 eps):    48.9 | 2264 steps/s
update 1020/1953 | step  522240 | avg return (last 20 eps):    25.3 | 2261 steps/s
update 1040/1953 | step  532480 | avg return (last 20 eps):    -0.5 | 2261 steps/s
update 1060/1953 | step  542720 | avg return (last 20 eps):   -10.8 | 2262 steps/s
update 1080/1953 | step  552960 | avg return (last 20 eps):   -11.9 | 2262 steps/s
update 1100/1953 | step  563200 | avg return (last 20 eps):   -16.2 | 2262 steps/s
update 1120/1953 | step  573440 | avg return (last 20 eps):    67.6 | 2262 steps/s
update 1140/1953 | step  583680 | avg return (last 20 eps):    -6.9 | 2262 steps/s
update 1160/1953 | step  593920 | avg return (last 20 eps):    38.8 | 2259 steps/s
update 1180/1953 | step  604160 | avg return (last 20 eps):    89.1 | 2255 steps/s
update 1200/1953 | step  614400 | avg return (last 20 eps):    28.2 | 2255 steps/s
update 1220/1953 | step  624640 | avg return (last 20 eps):   -12.6 | 2256 steps/s
update 1240/1953 | step  634880 | avg return (last 20 eps):    55.4 | 2256 steps/s
update 1260/1953 | step  645120 | avg return (last 20 eps):    11.8 | 2257 steps/s
update 1280/1953 | step  655360 | avg return (last 20 eps):    24.6 | 2257 steps/s
update 1300/1953 | step  665600 | avg return (last 20 eps):     3.7 | 2254 steps/s
update 1320/1953 | step  675840 | avg return (last 20 eps):    38.6 | 2252 steps/s
update 1340/1953 | step  686080 | avg return (last 20 eps):    42.5 | 2249 steps/s
update 1360/1953 | step  696320 | avg return (last 20 eps):    66.4 | 2249 steps/s
update 1380/1953 | step  706560 | avg return (last 20 eps):    26.2 | 2248 steps/s
update 1400/1953 | step  716800 | avg return (last 20 eps):    38.9 | 2245 steps/s
update 1420/1953 | step  727040 | avg return (last 20 eps):    40.7 | 2243 steps/s
update 1440/1953 | step  737280 | avg return (last 20 eps):    45.2 | 2242 steps/s
update 1460/1953 | step  747520 | avg return (last 20 eps):    12.4 | 2243 steps/s
update 1480/1953 | step  757760 | avg return (last 20 eps):    12.6 | 2244 steps/s
update 1500/1953 | step  768000 | avg return (last 20 eps):    62.2 | 2244 steps/s
update 1520/1953 | step  778240 | avg return (last 20 eps):    18.3 | 2244 steps/s
update 1540/1953 | step  788480 | avg return (last 20 eps):    64.6 | 2243 steps/s
update 1560/1953 | step  798720 | avg return (last 20 eps):     2.7 | 2243 steps/s
update 1580/1953 | step  808960 | avg return (last 20 eps):    32.7 | 2242 steps/s
update 1600/1953 | step  819200 | avg return (last 20 eps):    57.6 | 2242 steps/s
update 1620/1953 | step  829440 | avg return (last 20 eps):    10.6 | 2242 steps/s
update 1640/1953 | step  839680 | avg return (last 20 eps):    26.9 | 2243 steps/s
update 1660/1953 | step  849920 | avg return (last 20 eps):    -2.6 | 2244 steps/s
update 1680/1953 | step  860160 | avg return (last 20 eps):    12.9 | 2244 steps/s
update 1700/1953 | step  870400 | avg return (last 20 eps):    10.5 | 2241 steps/s
update 1720/1953 | step  880640 | avg return (last 20 eps):    31.1 | 2239 steps/s
update 1740/1953 | step  890880 | avg return (last 20 eps):    13.7 | 2240 steps/s
update 1760/1953 | step  901120 | avg return (last 20 eps):     7.5 | 2239 steps/s
update 1780/1953 | step  911360 | avg return (last 20 eps):    -3.7 | 2240 steps/s
update 1800/1953 | step  921600 | avg return (last 20 eps):    -1.8 | 2241 steps/s
update 1820/1953 | step  931840 | avg return (last 20 eps):    -1.0 | 2242 steps/s
update 1840/1953 | step  942080 | avg return (last 20 eps):    35.0 | 2244 steps/s
update 1860/1953 | step  952320 | avg return (last 20 eps):     9.6 | 2245 steps/s
update 1880/1953 | step  962560 | avg return (last 20 eps):   -35.3 | 2246 steps/s
update 1900/1953 | step  972800 | avg return (last 20 eps):   -23.8 | 2247 steps/s
update 1920/1953 | step  983040 | avg return (last 20 eps):   -41.7 | 2248 steps/s
update 1940/1953 | step  993280 | avg return (last 20 eps):     3.8 | 2249 steps/s
update 1953/1953 | step  999936 | avg return (last 20 eps):   -16.0 | 2250 steps/s

Final avg return over last 100 episodes: -17.3
