
============================================================
RUN: encoder=gat seed=1 steps=300000
============================================================
upd    1/146 | step    2048 | greedyR    84.5 | sampR  -123.1 | SLA 1.00 | mig    18 | p99    22ms | viol 0 | ec 0.0200 | 322 st/s
upd   10/146 | step   20480 | greedyR    21.0 | sampR  -113.7 | SLA 1.00 | mig    25 | p99    24ms | viol 0 | ec 0.0188 | 411 st/s
upd   20/146 | step   40960 | greedyR    26.0 | sampR   -73.3 | SLA 1.00 | mig    26 | p99    24ms | viol 0 | ec 0.0175 | 407 st/s
upd   30/146 | step   61440 | greedyR    48.3 | sampR   -36.1 | SLA 1.00 | mig     7 | p99    27ms | viol 0 | ec 0.0162 | 417 st/s
upd   40/146 | step   81920 | greedyR     7.1 | sampR   -23.8 | SLA 1.00 | mig     8 | p99    27ms | viol 0 | ec 0.0149 | 422 st/s
upd   50/146 | step  102400 | greedyR    70.1 | sampR    -7.9 | SLA 1.00 | mig     7 | p99    27ms | viol 0 | ec 0.0136 | 424 st/s
upd   60/146 | step  122880 | greedyR    -7.6 | sampR    -5.4 | SLA 1.00 | mig     7 | p99    31ms | viol 0 | ec 0.0123 | 421 st/s
upd   70/146 | step  143360 | greedyR   -12.2 | sampR     4.3 | SLA 0.90 | mig    12 | p99    95ms | viol 0 | ec 0.0110 | 424 st/s
upd   80/146 | step  163840 | greedyR    38.5 | sampR     6.2 | SLA 1.00 | mig     9 | p99    27ms | viol 0 | ec 0.0097 | 426 st/s
upd   90/146 | step  184320 | greedyR    73.2 | sampR    17.7 | SLA 1.00 | mig    10 | p99    25ms | viol 0 | ec 0.0084 | 428 st/s
upd  100/146 | step  204800 | greedyR    60.9 | sampR    19.1 | SLA 1.00 | mig    10 | p99    27ms | viol 0 | ec 0.0071 | 429 st/s
upd  110/146 | step  225280 | greedyR    66.7 | sampR    26.1 | SLA 1.00 | mig     9 | p99    27ms | viol 0 | ec 0.0058 | 430 st/s
upd  120/146 | step  245760 | greedyR    74.3 | sampR    32.6 | SLA 1.00 | mig     9 | p99    27ms | viol 0 | ec 0.0045 | 430 st/s
upd  130/146 | step  266240 | greedyR    75.9 | sampR    38.4 | SLA 1.00 | mig     9 | p99    27ms | viol 0 | ec 0.0032 | 431 st/s
upd  140/146 | step  286720 | greedyR    78.0 | sampR    45.8 | SLA 1.00 | mig    11 | p99    24ms | viol 0 | ec 0.0019 | 432 st/s
upd  146/146 | step  299008 | greedyR    72.2 | sampR    43.4 | SLA 1.00 | mig    12 | p99    23ms | viol 0 | ec 0.0011 | 432 st/s
FINAL v2_gat_seed1: greedy 72.8 | sampled 40.5 | SLA 1.00 | mig 12 | p99 22ms | viol 0

============================================================
RUN: encoder=gat seed=2 steps=300000
============================================================
upd    1/146 | step    2048 | greedyR    44.6 | sampR  -122.5 | SLA 1.00 | mig   164 | p99    27ms | viol 0 | ec 0.0200 | 329 st/s
upd   10/146 | step   20480 | greedyR  -108.1 | sampR  -106.2 | SLA 0.80 | mig     0 | p99   156ms | viol 0 | ec 0.0188 | 424 st/s
upd   20/146 | step   40960 | greedyR  -108.1 | sampR   -72.8 | SLA 0.80 | mig     0 | p99   156ms | viol 0 | ec 0.0175 | 427 st/s
upd   30/146 | step   61440 | greedyR  -108.1 | sampR   -44.9 | SLA 0.80 | mig     0 | p99   156ms | viol 0 | ec 0.0162 | 427 st/s
upd   40/146 | step   81920 | greedyR   115.8 | sampR     4.4 | SLA 1.00 | mig    19 | p99    27ms | viol 0 | ec 0.0149 | 431 st/s
upd   50/146 | step  102400 | greedyR    57.8 | sampR    33.4 | SLA 1.00 | mig     9 | p99    27ms | viol 0 | ec 0.0136 | 431 st/s
upd   60/146 | step  122880 | greedyR   112.2 | sampR    53.7 | SLA 1.00 | mig    10 | p99    27ms | viol 0 | ec 0.0123 | 432 st/s
upd   70/146 | step  143360 | greedyR   122.8 | sampR    61.1 | SLA 1.00 | mig    12 | p99    27ms | viol 0 | ec 0.0110 | 433 st/s
upd   80/146 | step  163840 | greedyR   102.8 | sampR    74.3 | SLA 1.00 | mig     6 | p99    27ms | viol 0 | ec 0.0097 | 435 st/s
upd   90/146 | step  184320 | greedyR   126.3 | sampR    85.9 | SLA 1.00 | mig    10 | p99    27ms | viol 0 | ec 0.0084 | 436 st/s
upd  100/146 | step  204800 | greedyR   124.2 | sampR    90.7 | SLA 1.00 | mig     9 | p99    27ms | viol 0 | ec 0.0071 | 434 st/s
upd  110/146 | step  225280 | greedyR   126.7 | sampR   100.4 | SLA 1.00 | mig     8 | p99    27ms | viol 0 | ec 0.0058 | 429 st/s
upd  120/146 | step  245760 | greedyR   125.9 | sampR   106.7 | SLA 1.00 | mig    11 | p99    27ms | viol 0 | ec 0.0045 | 430 st/s
upd  130/146 | step  266240 | greedyR   119.8 | sampR   110.7 | SLA 1.00 | mig    16 | p99    25ms | viol 0 | ec 0.0032 | 431 st/s
upd  140/146 | step  286720 | greedyR   125.2 | sampR   110.1 | SLA 1.00 | mig    12 | p99    26ms | viol 0 | ec 0.0019 | 430 st/s
upd  146/146 | step  299008 | greedyR   124.2 | sampR   111.1 | SLA 1.00 | mig    13 | p99    26ms | viol 0 | ec 0.0011 | 427 st/s
FINAL v2_gat_seed2: greedy 123.3 | sampled 104.4 | SLA 1.00 | mig 12 | p99 25ms | viol 0

============================================================
RUN: encoder=gat seed=3 steps=300000
============================================================
upd    1/146 | step    2048 | greedyR  -141.6 | sampR  -130.9 | SLA 0.80 | mig    11 | p99   157ms | viol 0 | ec 0.0200 | 309 st/s
upd   10/146 | step   20480 | greedyR  -108.1 | sampR  -106.7 | SLA 0.80 | mig     0 | p99   156ms | viol 0 | ec 0.0188 | 403 st/s
upd   20/146 | step   40960 | greedyR  -108.1 | sampR   -91.6 | SLA 0.80 | mig     0 | p99   156ms | viol 0 | ec 0.0175 | 423 st/s
upd   30/146 | step   61440 | greedyR    85.4 | sampR   -77.2 | SLA 1.00 | mig    25 | p99    20ms | viol 0 | ec 0.0162 | 430 st/s
upd   40/146 | step   81920 | greedyR   -22.8 | sampR   -48.3 | SLA 0.90 | mig    50 | p99    88ms | viol 0 | ec 0.0149 | 433 st/s
upd   50/146 | step  102400 | greedyR    71.5 | sampR   -24.3 | SLA 0.91 | mig    24 | p99    27ms | viol 0 | ec 0.0136 | 436 st/s
upd   60/146 | step  122880 | greedyR    86.9 | sampR    -1.6 | SLA 1.00 | mig    17 | p99    21ms | viol 0 | ec 0.0123 | 437 st/s
upd   70/146 | step  143360 | greedyR    -9.3 | sampR    28.1 | SLA 0.90 | mig    13 | p99    88ms | viol 0 | ec 0.0110 | 438 st/s
upd   80/146 | step  163840 | greedyR    67.4 | sampR    32.9 | SLA 1.00 | mig    18 | p99    21ms | viol 0 | ec 0.0097 | 438 st/s
upd   90/146 | step  184320 | greedyR    -0.8 | sampR    39.9 | SLA 0.90 | mig    14 | p99    89ms | viol 0 | ec 0.0084 | 437 st/s
upd  100/146 | step  204800 | greedyR   102.3 | sampR    44.6 | SLA 1.00 | mig    18 | p99    21ms | viol 0 | ec 0.0071 | 438 st/s
upd  110/146 | step  225280 | greedyR   100.5 | sampR    44.4 | SLA 1.00 | mig    16 | p99    21ms | viol 0 | ec 0.0058 | 438 st/s
upd  120/146 | step  245760 | greedyR    98.8 | sampR    52.0 | SLA 1.00 | mig    19 | p99    21ms | viol 0 | ec 0.0045 | 439 st/s
upd  130/146 | step  266240 | greedyR    93.5 | sampR    54.2 | SLA 1.00 | mig    17 | p99    21ms | viol 0 | ec 0.0032 | 439 st/s
upd  140/146 | step  286720 | greedyR    92.1 | sampR    56.2 | SLA 1.00 | mig    17 | p99    21ms | viol 0 | ec 0.0019 | 436 st/s
upd  146/146 | step  299008 | greedyR    73.6 | sampR    58.1 | SLA 1.00 | mig    17 | p99    21ms | viol 0 | ec 0.0011 | 435 st/s
FINAL v2_gat_seed3: greedy 74.7 | sampled 58.0 | SLA 0.95 | mig 16 | p99 23ms | viol 0

============================================================
SWEEP COMPLETE. Summary -> ../results/sweep_summary_v2.csv
============================================================
gat: greedy 90.3 +/- 23.4 | sampled 67.6 +/- 27.0 (n=3 seeds)

v2 baselines (migration cost): hpa 164.1 | greedy 148.3 | round_robin 142.7 | random -119.9
  best STATIC placement (search): 178.1  <- the bar to beat
